  main.cpp
G:\University\Assignments\Simester 1\CSY1079 - Programming 2D Computer Games\AS1 - Bouncing Balls - Visual Studio Project\AS1 - Bouncing Balls\main.cpp(21,39): warning C4305: 'initializing': truncation from 'double' to 'float'
G:\University\Assignments\Simester 1\CSY1079 - Programming 2D Computer Games\AS1 - Bouncing Balls - Visual Studio Project\AS1 - Bouncing Balls\main.cpp(26,16): warning C4244: 'return': conversion from 'double' to 'float', possible loss of data
G:\University\Assignments\Simester 1\CSY1079 - Programming 2D Computer Games\AS1 - Bouncing Balls - Visual Studio Project\AS1 - Bouncing Balls\main.cpp(89,33): warning C4244: '=': conversion from 'int' to 'float', possible loss of data
G:\University\Assignments\Simester 1\CSY1079 - Programming 2D Computer Games\AS1 - Bouncing Balls - Visual Studio Project\AS1 - Bouncing Balls\main.cpp(90,33): warning C4244: '=': conversion from 'int' to 'float', possible loss of data
G:\University\Assignments\Simester 1\CSY1079 - Programming 2D Computer Games\AS1 - Bouncing Balls - Visual Studio Project\AS1 - Bouncing Balls\main.cpp(95,51): warning C4244: 'argument': conversion from 'float' to 'int', possible loss of data
G:\University\Assignments\Simester 1\CSY1079 - Programming 2D Computer Games\AS1 - Bouncing Balls - Visual Studio Project\AS1 - Bouncing Balls\main.cpp(117,24): warning C4305: '*=': truncation from 'double' to 'float'
G:\University\Assignments\Simester 1\CSY1079 - Programming 2D Computer Games\AS1 - Bouncing Balls - Visual Studio Project\AS1 - Bouncing Balls\main.cpp(118,24): warning C4305: '*=': truncation from 'double' to 'float'
G:\University\Assignments\Simester 1\CSY1079 - Programming 2D Computer Games\AS1 - Bouncing Balls - Visual Studio Project\AS1 - Bouncing Balls\main.cpp(191,19): warning C4930: 'sf::Mouse mouse(void)': prototyped function not called (was a variable definition intended?)
G:\University\Assignments\Simester 1\CSY1079 - Programming 2D Computer Games\AS1 - Bouncing Balls - Visual Studio Project\AS1 - Bouncing Balls\main.cpp(240,21): warning C4244: 'argument': conversion from 'int' to 'float', possible loss of data
G:\University\Assignments\Simester 1\CSY1079 - Programming 2D Computer Games\AS1 - Bouncing Balls - Visual Studio Project\AS1 - Bouncing Balls\main.cpp(243,25): warning C4244: 'initializing': conversion from 'T' to 'int', possible loss of data
G:\University\Assignments\Simester 1\CSY1079 - Programming 2D Computer Games\AS1 - Bouncing Balls - Visual Studio Project\AS1 - Bouncing Balls\main.cpp(243,25): warning C4244:         with
G:\University\Assignments\Simester 1\CSY1079 - Programming 2D Computer Games\AS1 - Bouncing Balls - Visual Studio Project\AS1 - Bouncing Balls\main.cpp(243,25): warning C4244:         [
G:\University\Assignments\Simester 1\CSY1079 - Programming 2D Computer Games\AS1 - Bouncing Balls - Visual Studio Project\AS1 - Bouncing Balls\main.cpp(243,25): warning C4244:             T=float
G:\University\Assignments\Simester 1\CSY1079 - Programming 2D Computer Games\AS1 - Bouncing Balls - Visual Studio Project\AS1 - Bouncing Balls\main.cpp(243,25): warning C4244:         ]
G:\University\Assignments\Simester 1\CSY1079 - Programming 2D Computer Games\AS1 - Bouncing Balls - Visual Studio Project\AS1 - Bouncing Balls\main.cpp(244,25): warning C4244: 'initializing': conversion from 'T' to 'int', possible loss of data
G:\University\Assignments\Simester 1\CSY1079 - Programming 2D Computer Games\AS1 - Bouncing Balls - Visual Studio Project\AS1 - Bouncing Balls\main.cpp(244,25): warning C4244:         with
G:\University\Assignments\Simester 1\CSY1079 - Programming 2D Computer Games\AS1 - Bouncing Balls - Visual Studio Project\AS1 - Bouncing Balls\main.cpp(244,25): warning C4244:         [
G:\University\Assignments\Simester 1\CSY1079 - Programming 2D Computer Games\AS1 - Bouncing Balls - Visual Studio Project\AS1 - Bouncing Balls\main.cpp(244,25): warning C4244:             T=float
G:\University\Assignments\Simester 1\CSY1079 - Programming 2D Computer Games\AS1 - Bouncing Balls - Visual Studio Project\AS1 - Bouncing Balls\main.cpp(244,25): warning C4244:         ]
G:\University\Assignments\Simester 1\CSY1079 - Programming 2D Computer Games\AS1 - Bouncing Balls - Visual Studio Project\AS1 - Bouncing Balls\main.cpp(313,15): warning C4244: 'argument': conversion from 'time_t' to 'unsigned int', possible loss of data
  AS1 - Bouncing Balls.vcxproj -> G:\University\Assignments\Simester 1\CSY1079 - Programming 2D Computer Games\AS1 - Bouncing Balls - Visual Studio Project\x64\Debug\AS1 - Bouncing Balls.exe
