g:\university\assignments\simester 1\csy1079 - programming 2d computer games\as1 - bouncing balls - visual studio project\as1 - bouncing balls\x64\debug\vc143.pdb
g:\university\assignments\simester 1\csy1079 - programming 2d computer games\as1 - bouncing balls - visual studio project\as1 - bouncing balls\x64\debug\vc143.idb
g:\university\assignments\simester 1\csy1079 - programming 2d computer games\as1 - bouncing balls - visual studio project\as1 - bouncing balls\x64\debug\utilityobjects.obj
g:\university\assignments\simester 1\csy1079 - programming 2d computer games\as1 - bouncing balls - visual studio project\as1 - bouncing balls\x64\debug\gameobjects.obj
g:\university\assignments\simester 1\csy1079 - programming 2d computer games\as1 - bouncing balls - visual studio project\as1 - bouncing balls\x64\debug\gamemenus.obj
g:\university\assignments\simester 1\csy1079 - programming 2d computer games\as1 - bouncing balls - visual studio project\as1 - bouncing balls\x64\debug\utilityfunctions.obj
g:\university\assignments\simester 1\csy1079 - programming 2d computer games\as1 - bouncing balls - visual studio project\as1 - bouncing balls\x64\debug\main.obj
g:\university\assignments\simester 1\csy1079 - programming 2d computer games\as1 - bouncing balls - visual studio project\as1 - bouncing balls\x64\debug\gamegraphics.obj
g:\university\assignments\simester 1\csy1079 - programming 2d computer games\as1 - bouncing balls - visual studio project\as1 - bouncing balls\x64\debug\registry.obj
g:\university\assignments\simester 1\csy1079 - programming 2d computer games\as1 - bouncing balls - visual studio project\x64\debug\as1 - bouncing balls.exe
g:\university\assignments\simester 1\csy1079 - programming 2d computer games\as1 - bouncing balls - visual studio project\x64\debug\as1 - bouncing balls.pdb
g:\university\assignments\simester 1\csy1079 - programming 2d computer games\as1 - bouncing balls - visual studio project\as1 - bouncing balls\x64\debug\as1 - bouncing balls.ilk
g:\university\assignments\simester 1\csy1079 - programming 2d computer games\as1 - bouncing balls - visual studio project\as1 - bouncing balls\x64\debug\as1 - bo.5e50c8e6.tlog\cl.command.1.tlog
g:\university\assignments\simester 1\csy1079 - programming 2d computer games\as1 - bouncing balls - visual studio project\as1 - bouncing balls\x64\debug\as1 - bo.5e50c8e6.tlog\cl.items.tlog
g:\university\assignments\simester 1\csy1079 - programming 2d computer games\as1 - bouncing balls - visual studio project\as1 - bouncing balls\x64\debug\as1 - bo.5e50c8e6.tlog\cl.read.1.tlog
g:\university\assignments\simester 1\csy1079 - programming 2d computer games\as1 - bouncing balls - visual studio project\as1 - bouncing balls\x64\debug\as1 - bo.5e50c8e6.tlog\cl.write.1.tlog
g:\university\assignments\simester 1\csy1079 - programming 2d computer games\as1 - bouncing balls - visual studio project\as1 - bouncing balls\x64\debug\as1 - bo.5e50c8e6.tlog\link.command.1.tlog
g:\university\assignments\simester 1\csy1079 - programming 2d computer games\as1 - bouncing balls - visual studio project\as1 - bouncing balls\x64\debug\as1 - bo.5e50c8e6.tlog\link.read.1.tlog
g:\university\assignments\simester 1\csy1079 - programming 2d computer games\as1 - bouncing balls - visual studio project\as1 - bouncing balls\x64\debug\as1 - bo.5e50c8e6.tlog\link.secondary.1.tlog
g:\university\assignments\simester 1\csy1079 - programming 2d computer games\as1 - bouncing balls - visual studio project\as1 - bouncing balls\x64\debug\as1 - bo.5e50c8e6.tlog\link.write.1.tlog
